<?xml version="1.0" encoding="UTF-8"?>
<!-- Generated by org.testng.reporters.JUnitReportReporter -->
<testsuite hostname="LAPTOP-O2NIPHGE" failures="0" tests="2" name="TestLayer.HomePageTest" time="18.056" errors="0" timestamp="2022-08-16T21:58:58 IST" skipped="0">
  <testcase classname="TestLayer.HomePageTest" name="Login" time="10.925"/>
  <system-out/>
  <testcase classname="TestLayer.HomePageTest" name="Home" time="7.131"/>
  <system-out/>
</testsuite> <!-- TestLayer.HomePageTest -->
