<?xml version="1.0" encoding="UTF-8"?>
<!-- Generated by org.testng.reporters.JUnitReportReporter -->
<testsuite hostname="LAPTOP-O2NIPHGE" failures="0" tests="2" name="TestLayer.orangeHRMTest" time="15.779" errors="0" timestamp="2022-08-16T22:01:13 IST" skipped="0">
  <testcase classname="TestLayer.orangeHRMTest" name="Login" time="6.512"/>
  <system-out/>
  <testcase classname="TestLayer.orangeHRMTest" name="Home" time="9.267"/>
  <system-out/>
</testsuite> <!-- TestLayer.orangeHRMTest -->
